{
  "RSpec": {
    "coverage": {
      "/home/toby/projects/HY/rubyonrails/ratebeer/app/helpers/application_helper.rb": {
        "lines": [
          1,
          null
        ]
      },
      "/home/toby/projects/HY/rubyonrails/ratebeer/app/helpers/beer_clubs_helper.rb": {
        "lines": [
          1,
          null
        ]
      },
      "/home/toby/projects/HY/rubyonrails/ratebeer/app/helpers/beers_helper.rb": {
        "lines": [
          1,
          null
        ]
      },
      "/home/toby/projects/HY/rubyonrails/ratebeer/app/helpers/breweries_helper.rb": {
        "lines": [
          1,
          null
        ]
      },
      "/home/toby/projects/HY/rubyonrails/ratebeer/app/helpers/memberships_helper.rb": {
        "lines": [
          1,
          null
        ]
      },
      "/home/toby/projects/HY/rubyonrails/ratebeer/app/helpers/users_helper.rb": {
        "lines": [
          1,
          null
        ]
      },
      "/home/toby/projects/HY/rubyonrails/ratebeer/app/models/beer.rb": {
        "lines": [
          1,
          1,
          1,
          1,
          1,
          1,
          1,
          null,
          1,
          1,
          null,
          1,
          2,
          null,
          null
        ]
      },
      "/home/toby/projects/HY/rubyonrails/ratebeer/app/models/application_record.rb": {
        "lines": [
          1,
          1,
          null
        ]
      },
      "/home/toby/projects/HY/rubyonrails/ratebeer/app/models/concerns/top_n.rb": {
        "lines": [
          1,
          1,
          1,
          1,
          17,
          null,
          null,
          null
        ]
      },
      "/home/toby/projects/HY/rubyonrails/ratebeer/app/models/concerns/rating_average.rb": {
        "lines": [
          1,
          1,
          null,
          1,
          31,
          null,
          26,
          26,
          null,
          null
        ]
      },
      "/home/toby/projects/HY/rubyonrails/ratebeer/app/models/user.rb": {
        "lines": [
          1,
          1,
          1,
          null,
          null,
          1,
          null,
          1,
          1,
          1,
          1,
          null,
          1,
          null,
          1,
          3,
          null,
          null,
          1,
          3,
          null,
          2,
          null,
          null,
          1,
          9,
          null,
          8,
          null,
          null,
          null,
          null,
          8,
          null,
          null,
          1,
          9,
          null,
          8,
          null,
          null,
          null,
          null,
          8,
          null,
          null
        ]
      },
      "/home/toby/projects/HY/rubyonrails/ratebeer/app/models/brewery.rb": {
        "lines": [
          1,
          1,
          1,
          1,
          1,
          null,
          1,
          1,
          null,
          1,
          null,
          4,
          4,
          null,
          1,
          39,
          null,
          null,
          1,
          0,
          0,
          0,
          null,
          null,
          1,
          0,
          0,
          null,
          null
        ]
      },
      "/home/toby/projects/HY/rubyonrails/ratebeer/app/models/style.rb": {
        "lines": [
          1,
          1,
          1,
          1,
          1,
          null,
          1,
          6,
          null,
          null
        ]
      },
      "/home/toby/projects/HY/rubyonrails/ratebeer/app/controllers/sessions_controller.rb": {
        "lines": [
          1,
          1,
          null,
          null,
          null,
          1,
          10,
          null,
          10,
          9,
          9,
          null,
          1,
          null,
          null,
          null,
          1,
          null,
          0,
          null,
          0,
          null,
          null
        ]
      },
      "/home/toby/projects/HY/rubyonrails/ratebeer/app/controllers/application_controller.rb": {
        "lines": [
          1,
          null,
          1,
          null,
          1,
          127,
          null,
          96,
          null,
          null,
          1,
          4,
          null,
          null
        ]
      },
      "/home/toby/projects/HY/rubyonrails/ratebeer/app/controllers/users_controller.rb": {
        "lines": [
          1,
          1,
          1,
          null,
          null,
          1,
          0,
          null,
          null,
          null,
          1,
          null,
          null,
          null,
          1,
          1,
          null,
          null,
          null,
          1,
          null,
          null,
          null,
          1,
          1,
          null,
          1,
          1,
          2,
          1,
          null,
          0,
          0,
          null,
          null,
          null,
          null,
          null,
          1,
          0,
          0,
          0,
          0,
          null,
          0,
          0,
          null,
          null,
          null,
          null,
          null,
          1,
          null,
          0,
          0,
          null,
          0,
          0,
          0,
          null,
          null,
          null,
          1,
          null,
          null,
          1,
          16,
          null,
          null,
          null,
          1,
          1,
          null,
          null,
          null,
          null,
          1,
          0,
          0,
          null,
          0,
          null,
          null
        ]
      },
      "/home/toby/projects/HY/rubyonrails/ratebeer/app/models/membership.rb": {
        "lines": [
          1,
          1,
          1,
          null
        ]
      },
      "/home/toby/projects/HY/rubyonrails/ratebeer/app/models/beer_club.rb": {
        "lines": [
          1,
          1,
          1,
          null,
          1,
          0,
          null,
          null
        ]
      },
      "/home/toby/projects/HY/rubyonrails/ratebeer/app/models/rating.rb": {
        "lines": [
          1,
          1,
          1,
          null,
          1,
          null,
          null,
          null,
          2,
          1,
          1,
          null,
          null,
          null,
          null,
          null,
          null,
          1,
          14,
          null,
          null
        ]
      },
      "/home/toby/projects/HY/rubyonrails/ratebeer/app/controllers/beers_controller.rb": {
        "lines": [
          1,
          1,
          1,
          1,
          null,
          null,
          1,
          1,
          null,
          null,
          null,
          1,
          0,
          0,
          null,
          null,
          null,
          1,
          2,
          null,
          null,
          null,
          1,
          null,
          null,
          null,
          1,
          2,
          null,
          2,
          2,
          2,
          1,
          null,
          2,
          1,
          null,
          null,
          null,
          null,
          null,
          1,
          0,
          0,
          0,
          0,
          null,
          0,
          0,
          null,
          null,
          null,
          null,
          null,
          1,
          0,
          null,
          0,
          0,
          0,
          null,
          null,
          null,
          1,
          null,
          1,
          4,
          4,
          null,
          null,
          null,
          1,
          0,
          null,
          null,
          null,
          1,
          2,
          null,
          null
        ]
      },
      "/home/toby/projects/HY/rubyonrails/ratebeer/app/controllers/breweries_controller.rb": {
        "lines": [
          1,
          1,
          1,
          null,
          null,
          1,
          3,
          3,
          null,
          null,
          null,
          1,
          null,
          null,
          null,
          1,
          0,
          null,
          null,
          null,
          1,
          null,
          null,
          null,
          1,
          0,
          null,
          0,
          0,
          0,
          0,
          null,
          0,
          0,
          null,
          null,
          null,
          null,
          null,
          1,
          0,
          0,
          0,
          0,
          null,
          0,
          0,
          null,
          null,
          null,
          null,
          null,
          1,
          0,
          null,
          0,
          0,
          0,
          null,
          null,
          null,
          1,
          null,
          null,
          1,
          1,
          null,
          null,
          null,
          1,
          0,
          null,
          null,
          1,
          0,
          null,
          0,
          0,
          null,
          0,
          null,
          null,
          null
        ]
      },
      "/home/toby/projects/HY/rubyonrails/ratebeer/lib/weather_api.rb": {
        "lines": [
          1,
          1,
          0,
          0,
          null,
          null,
          1,
          0,
          0,
          0,
          0,
          null,
          0,
          0,
          null,
          null,
          1,
          0,
          0,
          null,
          0,
          null,
          null
        ]
      },
      "/home/toby/projects/HY/rubyonrails/ratebeer/app/models/weather.rb": {
        "lines": [
          1,
          1,
          3,
          null,
          null
        ]
      },
      "/home/toby/projects/HY/rubyonrails/ratebeer/lib/beermapping_api.rb": {
        "lines": [
          1,
          1,
          5,
          9,
          null,
          null,
          1,
          4,
          null,
          4,
          4,
          null,
          4,
          null,
          3,
          3,
          5,
          null,
          null,
          null,
          1,
          4,
          0,
          null,
          0,
          null,
          null
        ]
      },
      "/home/toby/projects/HY/rubyonrails/ratebeer/app/models/place.rb": {
        "lines": [
          1,
          1,
          8,
          null,
          null
        ]
      },
      "/home/toby/projects/HY/rubyonrails/ratebeer/app/controllers/places_controller.rb": {
        "lines": [
          1,
          1,
          null,
          null,
          1,
          0,
          0,
          0,
          null,
          0,
          null,
          null,
          null,
          1,
          4,
          4,
          4,
          null,
          4,
          4,
          1,
          null,
          3,
          null,
          null,
          null
        ]
      },
      "/home/toby/projects/HY/rubyonrails/ratebeer/app/controllers/ratings_controller.rb": {
        "lines": [
          1,
          null,
          1,
          1,
          1,
          1,
          1,
          1,
          1,
          1,
          null,
          null,
          1,
          1,
          1,
          null,
          null,
          1,
          1,
          1,
          null,
          1,
          1,
          null,
          0,
          0,
          null,
          null,
          null,
          1,
          1,
          1,
          1,
          null,
          null
        ]
      },
      "/home/toby/projects/HY/rubyonrails/ratebeer/app/channels/application_cable/channel.rb": {
        "lines": [
          0,
          0,
          0,
          0
        ],
        "branches": {
        }
      },
      "/home/toby/projects/HY/rubyonrails/ratebeer/app/channels/application_cable/connection.rb": {
        "lines": [
          0,
          0,
          0,
          0
        ],
        "branches": {
        }
      },
      "/home/toby/projects/HY/rubyonrails/ratebeer/app/controllers/beer_clubs_controller.rb": {
        "lines": [
          0,
          0,
          0,
          null,
          null,
          0,
          0,
          0,
          null,
          null,
          0,
          0,
          0,
          0,
          0,
          0,
          0,
          0,
          0,
          0,
          null,
          null,
          0,
          0,
          0,
          null,
          null,
          0,
          0,
          null,
          null,
          0,
          0,
          null,
          0,
          0,
          0,
          0,
          0,
          0,
          0,
          0,
          0,
          0,
          null,
          null,
          0,
          0,
          0,
          0,
          0,
          0,
          0,
          0,
          0,
          0,
          0,
          null,
          null,
          0,
          0,
          null,
          0,
          0,
          0,
          0,
          0,
          null,
          0,
          null,
          null,
          0,
          0,
          0,
          null,
          null,
          0,
          0,
          0,
          0
        ],
        "branches": {
        }
      },
      "/home/toby/projects/HY/rubyonrails/ratebeer/app/controllers/memberships_controller.rb": {
        "lines": [
          0,
          0,
          0,
          null,
          null,
          0,
          0,
          0,
          null,
          null,
          0,
          0,
          null,
          null,
          0,
          0,
          0,
          0,
          null,
          null,
          0,
          0,
          null,
          null,
          0,
          0,
          0,
          0,
          null,
          0,
          0,
          0,
          0,
          0,
          0,
          0,
          0,
          0,
          0,
          null,
          null,
          0,
          0,
          0,
          0,
          0,
          0,
          0,
          0,
          0,
          0,
          0,
          null,
          null,
          0,
          0,
          0,
          0,
          0,
          0,
          0,
          0,
          null,
          0,
          null,
          null,
          0,
          0,
          null,
          0,
          null,
          0,
          0,
          null,
          null,
          0,
          0,
          0,
          null,
          null,
          0,
          0,
          0,
          null,
          null,
          0,
          0,
          0,
          0,
          0
        ],
        "branches": {
        }
      },
      "/home/toby/projects/HY/rubyonrails/ratebeer/app/controllers/styles_controller.rb": {
        "lines": [
          0,
          0,
          0,
          0,
          0,
          null,
          0,
          0,
          null,
          0,
          0,
          null,
          0,
          0,
          null,
          null,
          0,
          0,
          0,
          0
        ],
        "branches": {
        }
      },
      "/home/toby/projects/HY/rubyonrails/ratebeer/app/jobs/application_job.rb": {
        "lines": [
          0,
          null,
          null,
          null,
          null,
          null,
          0
        ],
        "branches": {
        }
      },
      "/home/toby/projects/HY/rubyonrails/ratebeer/app/mailers/application_mailer.rb": {
        "lines": [
          0,
          0,
          0,
          0
        ],
        "branches": {
        }
      }
    },
    "timestamp": 1667822479
  }
}
